<?xml version="1.0" encoding="UTF-8"?>
<testng-results ignored="0" total="4" passed="3" failed="1" skipped="0">
  <reporter-output>
  </reporter-output>
  <suite started-at="2025-08-02T21:37:34 IST" name="Default suite" finished-at="2025-08-02T21:37:52 IST" duration-ms="18197">
    <groups>
    </groups>
    <test started-at="2025-08-02T21:37:34 IST" name="Default test" finished-at="2025-08-02T21:37:52 IST" duration-ms="18197">
      <class name="com.janitri.tests.LoginPageTest">
        <test-method is-config="true" signature="setUp()[pri:0, instance:com.janitri.tests.LoginPageTest@206a70ef]" started-at="2025-08-02T21:37:34 IST" name="setUp" finished-at="2025-08-02T21:37:38 IST" duration-ms="3469" status="PASS">
          <reporter-output>
          </reporter-output>
        </test-method> <!-- setUp -->
        <test-method signature="testInvalidLoginShowErrorMsg()[pri:0, instance:com.janitri.tests.LoginPageTest@206a70ef]" started-at="2025-08-02T21:37:38 IST" name="testInvalidLoginShowErrorMsg" finished-at="2025-08-02T21:37:41 IST" duration-ms="3153" status="FAIL">
          <exception class="java.lang.AssertionError">
            <message>
              <![CDATA[Expected error message for invalid login. expected [true] but found [false]]]>
            </message>
            <full-stacktrace>
              <![CDATA[java.lang.AssertionError: Expected error message for invalid login. expected [true] but found [false]
at org.testng.Assert.fail(Assert.java:111)
at org.testng.Assert.failNotEquals(Assert.java:1578)
at org.testng.Assert.assertTrue(Assert.java:57)
at com.janitri.tests.LoginPageTest.testInvalidLoginShowErrorMsg(LoginPageTest.java:23)
at java.base/jdk.internal.reflect.DirectMethodHandleAccessor.invoke(DirectMethodHandleAccessor.java:103)
at java.base/java.lang.reflect.Method.invoke(Method.java:580)
at org.testng.internal.invokers.MethodInvocationHelper.invokeMethod(MethodInvocationHelper.java:141)
at org.testng.internal.invokers.TestInvoker.invokeMethod(TestInvoker.java:686)
at org.testng.internal.invokers.TestInvoker.invokeTestMethod(TestInvoker.java:230)
at org.testng.internal.invokers.MethodRunner.runInSequence(MethodRunner.java:63)
at org.testng.internal.invokers.TestInvoker$MethodInvocationAgent.invoke(TestInvoker.java:992)
at org.testng.internal.invokers.TestInvoker.invokeTestMethods(TestInvoker.java:203)
at org.testng.internal.invokers.TestMethodWorker.invokeTestMethods(TestMethodWorker.java:154)
at org.testng.internal.invokers.TestMethodWorker.run(TestMethodWorker.java:134)
at java.base/java.util.ArrayList.forEach(ArrayList.java:1596)
at org.testng.TestRunner.privateRun(TestRunner.java:739)
at org.testng.TestRunner.run(TestRunner.java:614)
at org.testng.SuiteRunner.runTest(SuiteRunner.java:421)
at org.testng.SuiteRunner.runSequentially(SuiteRunner.java:413)
at org.testng.SuiteRunner.privateRun(SuiteRunner.java:373)
at org.testng.SuiteRunner.run(SuiteRunner.java:312)
at org.testng.SuiteRunnerWorker.runSuite(SuiteRunnerWorker.java:52)
at org.testng.SuiteRunnerWorker.run(SuiteRunnerWorker.java:95)
at org.testng.TestNG.runSuitesSequentially(TestNG.java:1274)
at org.testng.TestNG.runSuitesLocally(TestNG.java:1208)
at org.testng.TestNG.runSuites(TestNG.java:1112)
at org.testng.TestNG.run(TestNG.java:1079)
at org.testng.remote.AbstractRemoteTestNG.run(AbstractRemoteTestNG.java:115)
at org.testng.remote.RemoteTestNG.initAndRun(RemoteTestNG.java:293)
at org.testng.remote.RemoteTestNG.main(RemoteTestNG.java:91)
]]>
            </full-stacktrace>
          </exception> <!-- java.lang.AssertionError -->
          <reporter-output>
          </reporter-output>
        </test-method> <!-- testInvalidLoginShowErrorMsg -->
        <test-method is-config="true" signature="tearDown()[pri:0, instance:com.janitri.tests.LoginPageTest@206a70ef]" started-at="2025-08-02T21:37:41 IST" name="tearDown" finished-at="2025-08-02T21:37:41 IST" duration-ms="315" status="PASS">
          <reporter-output>
          </reporter-output>
        </test-method> <!-- tearDown -->
        <test-method is-config="true" signature="setUp()[pri:0, instance:com.janitri.tests.LoginPageTest@206a70ef]" started-at="2025-08-02T21:37:41 IST" name="setUp" finished-at="2025-08-02T21:37:44 IST" duration-ms="3056" status="PASS">
          <reporter-output>
          </reporter-output>
        </test-method> <!-- setUp -->
        <test-method signature="testLoginButtonDisabledWhenFieldAreEmpty()[pri:0, instance:com.janitri.tests.LoginPageTest@206a70ef]" started-at="2025-08-02T21:37:44 IST" name="testLoginButtonDisabledWhenFieldAreEmpty" finished-at="2025-08-02T21:37:44 IST" duration-ms="47" status="PASS">
          <reporter-output>
          </reporter-output>
        </test-method> <!-- testLoginButtonDisabledWhenFieldAreEmpty -->
        <test-method is-config="true" signature="tearDown()[pri:0, instance:com.janitri.tests.LoginPageTest@206a70ef]" started-at="2025-08-02T21:37:44 IST" name="tearDown" finished-at="2025-08-02T21:37:44 IST" duration-ms="270" status="PASS">
          <reporter-output>
          </reporter-output>
        </test-method> <!-- tearDown -->
        <test-method is-config="true" signature="setUp()[pri:0, instance:com.janitri.tests.LoginPageTest@206a70ef]" started-at="2025-08-02T21:37:44 IST" name="setUp" finished-at="2025-08-02T21:37:47 IST" duration-ms="3044" status="PASS">
          <reporter-output>
          </reporter-output>
        </test-method> <!-- setUp -->
        <test-method signature="testPageElementsPresent()[pri:0, instance:com.janitri.tests.LoginPageTest@206a70ef]" started-at="2025-08-02T21:37:47 IST" name="testPageElementsPresent" finished-at="2025-08-02T21:37:48 IST" duration-ms="153" status="PASS">
          <reporter-output>
          </reporter-output>
        </test-method> <!-- testPageElementsPresent -->
        <test-method is-config="true" signature="tearDown()[pri:0, instance:com.janitri.tests.LoginPageTest@206a70ef]" started-at="2025-08-02T21:37:48 IST" name="tearDown" finished-at="2025-08-02T21:37:48 IST" duration-ms="277" status="PASS">
          <reporter-output>
          </reporter-output>
        </test-method> <!-- tearDown -->
        <test-method is-config="true" signature="setUp()[pri:0, instance:com.janitri.tests.LoginPageTest@206a70ef]" started-at="2025-08-02T21:37:48 IST" name="setUp" finished-at="2025-08-02T21:37:49 IST" duration-ms="1468" status="PASS">
          <reporter-output>
          </reporter-output>
        </test-method> <!-- setUp -->
        <test-method signature="testPasswordMaskedbutton()[pri:0, instance:com.janitri.tests.LoginPageTest@206a70ef]" started-at="2025-08-02T21:37:49 IST" name="testPasswordMaskedbutton" finished-at="2025-08-02T21:37:52 IST" duration-ms="2548" status="PASS">
          <reporter-output>
          </reporter-output>
        </test-method> <!-- testPasswordMaskedbutton -->
        <test-method is-config="true" signature="tearDown()[pri:0, instance:com.janitri.tests.LoginPageTest@206a70ef]" started-at="2025-08-02T21:37:52 IST" name="tearDown" finished-at="2025-08-02T21:37:52 IST" duration-ms="314" status="PASS">
          <reporter-output>
          </reporter-output>
        </test-method> <!-- tearDown -->
      </class> <!-- com.janitri.tests.LoginPageTest -->
    </test> <!-- Default test -->
  </suite> <!-- Default suite -->
</testng-results>
